<?xml version="1.0" encoding="UTF-8" ?>
<testsuite failures="0" time="0.098" errors="1" skipped="0" tests="1" name="net.jdft.fixedlength.FormatConversionTest">
  <properties>
[...]
</properties>
  <testcase time="0.098" classname="net.jdft.fixedlength.FormatConversionTest" name="testPool">
    <error message="from tag에서 format attribute는 필수임" type="java.lang.IllegalArgumentException">java.lang.IllegalArgumentException: from tag에서 format attribute는 필수임
	at net.jdft.config.from.FromConfig.create(FromConfig.java:22)
	at net.jdft.config.ConversionConfig.create(ConversionConfig.java:35)
	at net.jdft.config.TransformConfig.create(TransformConfig.java:33)
	at net.jdft.config.FormatConversionConfig.create(FormatConversionConfig.java:42)
	at net.jdft.FormatTransformation.load(FormatTransformation.java:77)
	at net.jdft.FormatTransformation.start(FormatTransformation.java:52)
	at net.jdft.fixedlength.FormatConversionTest.setUp(FormatConversionTest.java:23)
	at junit.framework.TestCase.runBare(TestCase.java:139)
	at junit.framework.TestResult$1.protect(TestResult.java:122)
	at junit.framework.TestResult.runProtected(TestResult.java:142)
	at junit.framework.TestResult.run(TestResult.java:125)
	at junit.framework.TestCase.run(TestCase.java:129)
	at junit.framework.TestSuite.runTest(TestSuite.java:255)
	at junit.framework.TestSuite.run(TestSuite.java:250)
	at org.junit.internal.runners.JUnit38ClassRunner.run(JUnit38ClassRunner.java:84)
	at org.apache.maven.surefire.junit4.JUnit4Provider.execute(JUnit4Provider.java:252)
	at org.apache.maven.surefire.junit4.JUnit4Provider.executeTestSet(JUnit4Provider.java:141)
	at org.apache.maven.surefire.junit4.JUnit4Provider.invoke(JUnit4Provider.java:112)
	at sun.reflect.NativeMethodAccessorImpl.invoke0(Native Method)
	at sun.reflect.NativeMethodAccessorImpl.invoke(NativeMethodAccessorImpl.java:39)
	at sun.reflect.DelegatingMethodAccessorImpl.invoke(DelegatingMethodAccessorImpl.java:25)
	at java.lang.reflect.Method.invoke(Method.java:597)
	at org.apache.maven.surefire.util.ReflectionUtils.invokeMethodWithArray(ReflectionUtils.java:189)
	at org.apache.maven.surefire.booter.ProviderFactory$ProviderProxy.invoke(ProviderFactory.java:165)
	at org.apache.maven.surefire.booter.ProviderFactory.invokeProvider(ProviderFactory.java:85)
	at org.apache.maven.surefire.booter.ForkedBooter.runSuitesInProcess(ForkedBooter.java:115)
	at org.apache.maven.surefire.booter.ForkedBooter.main(ForkedBooter.java:75)
</error>
    <system-out>804 [main] WARN net.jdft.converter.ConverterRegistry  - 사용자 class path에(user.dir : D:\work\00.tsis\00.2013\00.MTEvent고도화\00.MTEvent\31.Implement\jdft\modules\jdft-soap) 설정된 jar 파일이 없음.
804 [main] WARN net.jdft.converter.ConverterRegistry  - 사용자 class path에(user.dir : D:\work\00.tsis\00.2013\00.MTEvent고도화\00.MTEvent\31.Implement\jdft\modules\jdft-soap) 설정된 jar 파일이 없음.
804 [main] WARN net.jdft.converter.ConverterRegistry  - 사용자 class path에(user.dir : D:\work\00.tsis\00.2013\00.MTEvent고도화\00.MTEvent\31.Implement\jdft\modules\jdft-soap) 설정된 jar 파일이 없음.
804 [main] WARN net.jdft.converter.ConverterRegistry  - 사용자 class path에(user.dir : D:\work\00.tsis\00.2013\00.MTEvent고도화\00.MTEvent\31.Implement\jdft\modules\jdft-soap) 설정된 jar 파일이 없음.
804 [main] WARN net.jdft.converter.ConverterRegistry  - 사용자 class path에(user.dir : D:\work\00.tsis\00.2013\00.MTEvent고도화\00.MTEvent\31.Implement\jdft\modules\jdft-soap) 설정된 jar 파일이 없음.
</system-out>
  </testcase>
</testsuite>